# JRE version: OpenJDK Runtime Environment Temurin-17.0.7+7 (17.0.7+7) (build 17.0.7+7)
# Java VM: OpenJDK 64-Bit Server VM Temurin-17.0.7+7 (17.0.7+7, mixed mode, emulated-client, tiered, compressed oops, compressed class ptrs, g1 gc, windows-amd64)
GC Precious Log:
 CPUs: 4 total, 4 available
 Memory: 4002M
 Large Page Support: Disabled
 NUMA Support: Disabled
 Compressed Oops: Enabled (32-bit)
 Heap Region Size: 1M
 Heap Min Capacity: 8M
 Heap Initial Capacity: 64M
 Heap Max Capacity: 1002M
 Pre-touch: Disabled
 Parallel Workers: 4
 Concurrent Workers: 1
 Concurrent Refinement Workers: 4
 Periodic GC: Disabled
Heap:
 garbage-first heap   total 106496K, used 44314K [0x00000000c1600000, 0x0000000100000000)
  region size 1024K, 11 young (11264K), 3 survivors (3072K)
 Metaspace       used 87438K, committed 88384K, reserved 1179648K
  class space    used 11763K, committed 12160K, reserved 1048576K
GC Heap History (20 events):
Event: 28559.124 GC heap before
{Heap before GC invocations=177 (full 25):
 garbage-first heap   total 106496K, used 79428K [0x00000000c1600000, 0x0000000100000000)
  region size 1024K, 48 young (49152K), 0 survivors (0K)
 Metaspace       used 86201K, committed 87104K, reserved 1179648K
  class space    used 11647K, committed 12032K, reserved 1048576K
}
Event: 28559.143 GC heap after
{Heap after GC invocations=178 (full 25):
 garbage-first heap   total 106496K, used 33894K [0x00000000c1600000, 0x0000000100000000)
  region size 1024K, 4 young (4096K), 4 survivors (4096K)
 Metaspace       used 86201K, committed 87104K, reserved 1179648K
  class space    used 11647K, committed 12032K, reserved 1048576K
}
Event: 28564.457 GC heap before
{Heap before GC invocations=179 (full 25):
 garbage-first heap   total 106496K, used 80998K [0x00000000c1600000, 0x0000000100000000)
  region size 1024K, 50 young (51200K), 4 survivors (4096K)
 Metaspace       used 86359K, committed 87232K, reserved 1179648K
  class space    used 11650K, committed 12032K, reserved 1048576K
}
Event: 28564.498 GC heap after
{Heap after GC invocations=180 (full 25):
 garbage-first heap   total 106496K, used 37183K [0x00000000c1600000, 0x0000000100000000)
  region size 1024K, 7 young (7168K), 7 survivors (7168K)
 Metaspace       used 86359K, committed 87232K, reserved 1179648K
  class space    used 11650K, committed 12032K, reserved 1048576K
}
Event: 28584.394 GC heap before
{Heap before GC invocations=180 (full 25):
 garbage-first heap   total 106496K, used 48447K [0x00000000c1600000, 0x0000000100000000)
  region size 1024K, 19 young (19456K), 7 survivors (7168K)
 Metaspace       used 86409K, committed 87296K, reserved 1179648K
  class space    used 11658K, committed 12032K, reserved 1048576K
}
Event: 28585.491 GC heap after
{Heap after GC invocations=181 (full 26):
 garbage-first heap   total 106496K, used 30180K [0x00000000c1600000, 0x0000000100000000)
  region size 1024K, 0 young (0K), 0 survivors (0K)
 Metaspace       used 86378K, committed 87296K, reserved 1179648K
  class space    used 11655K, committed 12032K, reserved 1048576K
}
Event: 28592.738 GC heap before
{Heap before GC invocations=181 (full 26):
 garbage-first heap   total 106496K, used 79332K [0x00000000c1600000, 0x0000000100000000)
  region size 1024K, 49 young (50176K), 0 survivors (0K)
 Metaspace       used 86486K, committed 87424K, reserved 1179648K
  class space    used 11670K, committed 12096K, reserved 1048576K
}
Event: 28592.769 GC heap after
{Heap after GC invocations=182 (full 26):
 garbage-first heap   total 106496K, used 34276K [0x00000000c1600000, 0x0000000100000000)
  region size 1024K, 4 young (4096K), 4 survivors (4096K)
 Metaspace       used 86486K, committed 87424K, reserved 1179648K
  class space    used 11670K, committed 12096K, reserved 1048576K
}
Event: 28594.165 GC heap before
{Heap before GC invocations=183 (full 26):
 garbage-first heap   total 106496K, used 82404K [0x00000000c1600000, 0x0000000100000000)
  region size 1024K, 51 young (52224K), 4 survivors (4096K)
 Metaspace       used 86748K, committed 87680K, reserved 1179648K
  class space    used 11693K, committed 12096K, reserved 1048576K
}
Event: 28594.176 GC heap after
{Heap after GC invocations=184 (full 26):
 garbage-first heap   total 106496K, used 36324K [0x00000000c1600000, 0x0000000100000000)
  region size 1024K, 6 young (6144K), 6 survivors (6144K)
 Metaspace       used 86748K, committed 87680K, reserved 1179648K
  class space    used 11693K, committed 12096K, reserved 1048576K
}
Event: 28655.357 GC heap before
{Heap before GC invocations=184 (full 26):
 garbage-first heap   total 106496K, used 48612K [0x00000000c1600000, 0x0000000100000000)
  region size 1024K, 19 young (19456K), 6 survivors (6144K)
 Metaspace       used 86759K, committed 87680K, reserved 1179648K
  class space    used 11695K, committed 12096K, reserved 1048576K
}
Event: 28656.968 GC heap after
{Heap after GC invocations=185 (full 27):
 garbage-first heap   total 106496K, used 30443K [0x00000000c1600000, 0x0000000100000000)
  region size 1024K, 0 young (0K), 0 survivors (0K)
 Metaspace       used 86741K, committed 87680K, reserved 1179648K
  class space    used 11694K, committed 12096K, reserved 1048576K
}
Event: 28662.503 GC heap before
{Heap before GC invocations=185 (full 27):
 garbage-first heap   total 106496K, used 79595K [0x00000000c1600000, 0x0000000100000000)
  region size 1024K, 49 young (50176K), 0 survivors (0K)
 Metaspace       used 86837K, committed 87744K, reserved 1179648K
  class space    used 11705K, committed 12096K, reserved 1048576K
}
Event: 28662.524 GC heap after
{Heap after GC invocations=186 (full 27):
 garbage-first heap   total 198656K, used 34539K [0x00000000c1600000, 0x0000000100000000)
  region size 1024K, 4 young (4096K), 4 survivors (4096K)
 Metaspace       used 86837K, committed 87744K, reserved 1179648K
  class space    used 11705K, committed 12096K, reserved 1048576K
}
Event: 28670.182 GC heap before
{Heap before GC invocations=187 (full 27):
 garbage-first heap   total 126976K, used 92907K [0x00000000c1600000, 0x0000000100000000)
  region size 1024K, 62 young (63488K), 4 survivors (4096K)
 Metaspace       used 87083K, committed 88064K, reserved 1179648K
  class space    used 11726K, committed 12160K, reserved 1048576K
}
Event: 28670.329 GC heap after
{Heap after GC invocations=188 (full 28):
 garbage-first heap   total 106496K, used 30500K [0x00000000c1600000, 0x0000000100000000)
  region size 1024K, 0 young (0K), 0 survivors (0K)
 Metaspace       used 87065K, committed 88064K, reserved 1179648K
  class space    used 11724K, committed 12160K, reserved 1048576K
}
Event: 28672.840 GC heap before
{Heap before GC invocations=188 (full 28):
 garbage-first heap   total 106496K, used 81700K [0x00000000c1600000, 0x0000000100000000)
  region size 1024K, 50 young (51200K), 0 survivors (0K)
 Metaspace       used 87198K, committed 88128K, reserved 1179648K
  class space    used 11743K, committed 12160K, reserved 1048576K
}
Event: 28672.856 GC heap after
{Heap after GC invocations=189 (full 28):
 garbage-first heap   total 106496K, used 34789K [0x00000000c1600000, 0x0000000100000000)
  region size 1024K, 5 young (5120K), 5 survivors (5120K)
 Metaspace       used 87198K, committed 88128K, reserved 1179648K
  class space    used 11743K, committed 12160K, reserved 1048576K
}
Event: 28675.651 GC heap before
{Heap before GC invocations=190 (full 28):
 garbage-first heap   total 106496K, used 82917K [0x00000000c1600000, 0x0000000100000000)
  region size 1024K, 52 young (53248K), 5 survivors (5120K)
 Metaspace       used 87432K, committed 88384K, reserved 1179648K
  class space    used 11761K, committed 12160K, reserved 1048576K
}
Event: 28675.683 GC heap after
{Heap after GC invocations=191 (full 28):
 garbage-first heap   total 106496K, used 37146K [0x00000000c1600000, 0x0000000100000000)
  region size 1024K, 3 young (3072K), 3 survivors (3072K)
 Metaspace       used 87432K, committed 88384K, reserved 1179648K
  class space    used 11761K, committed 12160K, reserved 1048576K
}

