# JRE version: OpenJDK Runtime Environment Temurin-17.0.7+7 (17.0.7+7) (build 17.0.7+7)
# Java VM: OpenJDK 64-Bit Server VM Temurin-17.0.7+7 (17.0.7+7, mixed mode, emulated-client, tiered, compressed oops, compressed class ptrs, g1 gc, windows-amd64)
GC Precious Log:
 CPUs: 4 total, 4 available
 Memory: 4002M
 Large Page Support: Disabled
 NUMA Support: Disabled
 Compressed Oops: Enabled (32-bit)
 Heap Region Size: 1M
 Heap Min Capacity: 8M
 Heap Initial Capacity: 64M
 Heap Max Capacity: 1002M
 Pre-touch: Disabled
 Parallel Workers: 4
 Concurrent Workers: 1
 Concurrent Refinement Workers: 4
 Periodic GC: Disabled
Heap:
 garbage-first heap   total 40960K, used 15931K [0x00000000c1600000, 0x0000000100000000)
  region size 1024K, 1 young (1024K), 1 survivors (1024K)
 Metaspace       used 31037K, committed 31360K, reserved 1114112K
  class space    used 3798K, committed 3904K, reserved 1048576K
GC Heap History (17 events):
Event: 2.772 GC heap before
{Heap before GC invocations=0 (full 0):
 garbage-first heap   total 65536K, used 14336K [0x00000000c1600000, 0x0000000100000000)
  region size 1024K, 13 young (13312K), 0 survivors (0K)
 Metaspace       used 13070K, committed 13312K, reserved 1114112K
  class space    used 1327K, committed 1472K, reserved 1048576K
}
Event: 2.783 GC heap after
{Heap after GC invocations=1 (full 0):
 garbage-first heap   total 65536K, used 7752K [0x00000000c1600000, 0x0000000100000000)
  region size 1024K, 2 young (2048K), 2 survivors (2048K)
 Metaspace       used 13070K, committed 13312K, reserved 1114112K
  class space    used 1327K, committed 1472K, reserved 1048576K
}
Event: 3.362 GC heap before
{Heap before GC invocations=1 (full 0):
 garbage-first heap   total 65536K, used 14920K [0x00000000c1600000, 0x0000000100000000)
  region size 1024K, 9 young (9216K), 2 survivors (2048K)
 Metaspace       used 15817K, committed 16064K, reserved 1114112K
  class space    used 1685K, committed 1792K, reserved 1048576K
}
Event: 3.375 GC heap after
{Heap after GC invocations=2 (full 0):
 garbage-first heap   total 65536K, used 8834K [0x00000000c1600000, 0x0000000100000000)
  region size 1024K, 2 young (2048K), 2 survivors (2048K)
 Metaspace       used 15817K, committed 16064K, reserved 1114112K
  class space    used 1685K, committed 1792K, reserved 1048576K
}
Event: 4.188 GC heap before
{Heap before GC invocations=2 (full 0):
 garbage-first heap   total 65536K, used 27266K [0x00000000c1600000, 0x0000000100000000)
  region size 1024K, 21 young (21504K), 2 survivors (2048K)
 Metaspace       used 19310K, committed 19584K, reserved 1114112K
  class space    used 2204K, committed 2368K, reserved 1048576K
}
Event: 4.194 GC heap after
{Heap after GC invocations=3 (full 0):
 garbage-first heap   total 65536K, used 10171K [0x00000000c1600000, 0x0000000100000000)
  region size 1024K, 3 young (3072K), 3 survivors (3072K)
 Metaspace       used 19310K, committed 19584K, reserved 1114112K
  class space    used 2204K, committed 2368K, reserved 1048576K
}
Event: 4.683 GC heap before
{Heap before GC invocations=3 (full 0):
 garbage-first heap   total 65536K, used 16315K [0x00000000c1600000, 0x0000000100000000)
  region size 1024K, 11 young (11264K), 3 survivors (3072K)
 Metaspace       used 21193K, committed 21504K, reserved 1114112K
  class space    used 2489K, committed 2688K, reserved 1048576K
}
Event: 4.689 GC heap after
{Heap after GC invocations=4 (full 0):
 garbage-first heap   total 65536K, used 10569K [0x00000000c1600000, 0x0000000100000000)
  region size 1024K, 3 young (3072K), 3 survivors (3072K)
 Metaspace       used 21193K, committed 21504K, reserved 1114112K
  class space    used 2489K, committed 2688K, reserved 1048576K
}
Event: 6.078 GC heap before
{Heap before GC invocations=5 (full 0):
 garbage-first heap   total 40960K, used 30025K [0x00000000c1600000, 0x0000000100000000)
  region size 1024K, 24 young (24576K), 3 survivors (3072K)
 Metaspace       used 26240K, committed 26624K, reserved 1114112K
  class space    used 3104K, committed 3264K, reserved 1048576K
}
Event: 6.088 GC heap after
{Heap after GC invocations=6 (full 0):
 garbage-first heap   total 40960K, used 11967K [0x00000000c1600000, 0x0000000100000000)
  region size 1024K, 4 young (4096K), 4 survivors (4096K)
 Metaspace       used 26240K, committed 26624K, reserved 1114112K
  class space    used 3104K, committed 3264K, reserved 1048576K
}
Event: 6.117 GC heap before
{Heap before GC invocations=6 (full 0):
 garbage-first heap   total 40960K, used 12991K [0x00000000c1600000, 0x0000000100000000)
  region size 1024K, 5 young (5120K), 4 survivors (4096K)
 Metaspace       used 26409K, committed 26816K, reserved 1114112K
  class space    used 3131K, committed 3328K, reserved 1048576K
}
Event: 6.125 GC heap after
{Heap after GC invocations=7 (full 0):
 garbage-first heap   total 40960K, used 12209K [0x00000000c1600000, 0x0000000100000000)
  region size 1024K, 1 young (1024K), 1 survivors (1024K)
 Metaspace       used 26409K, committed 26816K, reserved 1114112K
  class space    used 3131K, committed 3328K, reserved 1048576K
}
Event: 6.643 GC heap before
{Heap before GC invocations=7 (full 0):
 garbage-first heap   total 40960K, used 27569K [0x00000000c1600000, 0x0000000100000000)
  region size 1024K, 16 young (16384K), 1 survivors (1024K)
 Metaspace       used 28767K, committed 29120K, reserved 1114112K
  class space    used 3463K, committed 3584K, reserved 1048576K
}
Event: 6.647 GC heap after
{Heap after GC invocations=8 (full 0):
 garbage-first heap   total 40960K, used 13409K [0x00000000c1600000, 0x0000000100000000)
  region size 1024K, 2 young (2048K), 2 survivors (2048K)
 Metaspace       used 28767K, committed 29120K, reserved 1114112K
  class space    used 3463K, committed 3584K, reserved 1048576K
}
Event: 7.041 GC heap before
{Heap before GC invocations=8 (full 0):
 garbage-first heap   total 40960K, used 27745K [0x00000000c1600000, 0x0000000100000000)
  region size 1024K, 17 young (17408K), 2 survivors (2048K)
 Metaspace       used 29662K, committed 30016K, reserved 1114112K
  class space    used 3610K, committed 3776K, reserved 1048576K
}
Event: 7.047 GC heap after
{Heap after GC invocations=9 (full 0):
 garbage-first heap   total 40960K, used 14972K [0x00000000c1600000, 0x0000000100000000)
  region size 1024K, 2 young (2048K), 2 survivors (2048K)
 Metaspace       used 29662K, committed 30016K, reserved 1114112K
  class space    used 3610K, committed 3776K, reserved 1048576K
}
Event: 7.426 GC heap before
{Heap before GC invocations=9 (full 0):
 garbage-first heap   total 40960K, used 28284K [0x00000000c1600000, 0x0000000100000000)
  region size 1024K, 15 young (15360K), 2 survivors (2048K)
 Metaspace       used 31037K, committed 31360K, reserved 1114112K
  class space    used 3798K, committed 3904K, reserved 1048576K
}

