# JRE version: OpenJDK Runtime Environment Temurin-17.0.7+7 (17.0.7+7) (build 17.0.7+7)
# Java VM: OpenJDK 64-Bit Server VM Temurin-17.0.7+7 (17.0.7+7, mixed mode, emulated-client, tiered, compressed oops, compressed class ptrs, g1 gc, windows-amd64)
GC Precious Log:
 CPUs: 4 total, 4 available
 Memory: 4002M
 Large Page Support: Disabled
 NUMA Support: Disabled
 Compressed Oops: Enabled (32-bit)
 Heap Region Size: 1M
 Heap Min Capacity: 8M
 Heap Initial Capacity: 64M
 Heap Max Capacity: 1002M
 Pre-touch: Disabled
 Parallel Workers: 4
 Concurrent Workers: 1
 Concurrent Refinement Workers: 4
 Periodic GC: Disabled
Heap:
 garbage-first heap   total 57344K, used 38912K [0x00000000c1600000, 0x0000000100000000)
  region size 1024K, 18 young (18432K), 3 survivors (3072K)
 Metaspace       used 58154K, committed 58624K, reserved 1114112K
  class space    used 7721K, committed 7936K, reserved 1048576K
GC Heap History (20 events):
Event: 6.197 GC heap before
{Heap before GC invocations=6 (full 0):
 garbage-first heap   total 40960K, used 13079K [0x00000000c1600000, 0x0000000100000000)
  region size 1024K, 5 young (5120K), 4 survivors (4096K)
 Metaspace       used 26493K, committed 26816K, reserved 1114112K
  class space    used 3154K, committed 3264K, reserved 1048576K
}
Event: 6.204 GC heap after
{Heap after GC invocations=7 (full 0):
 garbage-first heap   total 40960K, used 12264K [0x00000000c1600000, 0x0000000100000000)
  region size 1024K, 1 young (1024K), 1 survivors (1024K)
 Metaspace       used 26493K, committed 26816K, reserved 1114112K
  class space    used 3154K, committed 3264K, reserved 1048576K
}
Event: 9.258 GC heap before
{Heap before GC invocations=7 (full 0):
 garbage-first heap   total 40960K, used 26600K [0x00000000c1600000, 0x0000000100000000)
  region size 1024K, 16 young (16384K), 1 survivors (1024K)
 Metaspace       used 28772K, committed 29120K, reserved 1114112K
  class space    used 3459K, committed 3648K, reserved 1048576K
}
Event: 9.262 GC heap after
{Heap after GC invocations=8 (full 0):
 garbage-first heap   total 40960K, used 13882K [0x00000000c1600000, 0x0000000100000000)
  region size 1024K, 2 young (2048K), 2 survivors (2048K)
 Metaspace       used 28772K, committed 29120K, reserved 1114112K
  class space    used 3459K, committed 3648K, reserved 1048576K
}
Event: 9.976 GC heap before
{Heap before GC invocations=8 (full 0):
 garbage-first heap   total 40960K, used 28218K [0x00000000c1600000, 0x0000000100000000)
  region size 1024K, 16 young (16384K), 2 survivors (2048K)
 Metaspace       used 29781K, committed 30144K, reserved 1114112K
  class space    used 3611K, committed 3776K, reserved 1048576K
}
Event: 9.982 GC heap after
{Heap after GC invocations=9 (full 0):
 garbage-first heap   total 40960K, used 15242K [0x00000000c1600000, 0x0000000100000000)
  region size 1024K, 2 young (2048K), 2 survivors (2048K)
 Metaspace       used 29781K, committed 30144K, reserved 1114112K
  class space    used 3611K, committed 3776K, reserved 1048576K
}
Event: 10.441 GC heap before
{Heap before GC invocations=9 (full 0):
 garbage-first heap   total 40960K, used 27530K [0x00000000c1600000, 0x0000000100000000)
  region size 1024K, 15 young (15360K), 2 survivors (2048K)
 Metaspace       used 30761K, committed 31104K, reserved 1114112K
  class space    used 3758K, committed 3904K, reserved 1048576K
}
Event: 10.446 GC heap after
{Heap after GC invocations=10 (full 0):
 garbage-first heap   total 40960K, used 16267K [0x00000000c1600000, 0x0000000100000000)
  region size 1024K, 1 young (1024K), 1 survivors (1024K)
 Metaspace       used 30761K, committed 31104K, reserved 1114112K
  class space    used 3758K, committed 3904K, reserved 1048576K
}
Event: 11.111 GC heap before
{Heap before GC invocations=10 (full 0):
 garbage-first heap   total 40960K, used 30603K [0x00000000c1600000, 0x0000000100000000)
  region size 1024K, 15 young (15360K), 1 survivors (1024K)
 Metaspace       used 32719K, committed 33088K, reserved 1114112K
  class space    used 4022K, committed 4224K, reserved 1048576K
}
Event: 11.116 GC heap after
{Heap after GC invocations=11 (full 0):
 garbage-first heap   total 57344K, used 17131K [0x00000000c1600000, 0x0000000100000000)
  region size 1024K, 2 young (2048K), 2 survivors (2048K)
 Metaspace       used 32719K, committed 33088K, reserved 1114112K
  class space    used 4022K, committed 4224K, reserved 1048576K
}
Event: 12.922 GC heap before
{Heap before GC invocations=11 (full 0):
 garbage-first heap   total 57344K, used 41707K [0x00000000c1600000, 0x0000000100000000)
  region size 1024K, 27 young (27648K), 2 survivors (2048K)
 Metaspace       used 35961K, committed 36416K, reserved 1114112K
  class space    used 4573K, committed 4800K, reserved 1048576K
}
Event: 12.942 GC heap after
{Heap after GC invocations=12 (full 0):
 garbage-first heap   total 57344K, used 19271K [0x00000000c1600000, 0x0000000100000000)
  region size 1024K, 4 young (4096K), 4 survivors (4096K)
 Metaspace       used 35961K, committed 36416K, reserved 1114112K
  class space    used 4573K, committed 4800K, reserved 1048576K
}
Event: 13.915 GC heap before
{Heap before GC invocations=13 (full 0):
 garbage-first heap   total 57344K, used 43847K [0x00000000c1600000, 0x0000000100000000)
  region size 1024K, 28 young (28672K), 4 survivors (4096K)
 Metaspace       used 38966K, committed 39424K, reserved 1114112K
  class space    used 4976K, committed 5184K, reserved 1048576K
}
Event: 13.930 GC heap after
{Heap after GC invocations=14 (full 0):
 garbage-first heap   total 57344K, used 21106K [0x00000000c1600000, 0x0000000100000000)
  region size 1024K, 2 young (2048K), 2 survivors (2048K)
 Metaspace       used 38966K, committed 39424K, reserved 1114112K
  class space    used 4976K, committed 5184K, reserved 1048576K
}
Event: 15.620 GC heap before
{Heap before GC invocations=14 (full 0):
 garbage-first heap   total 57344K, used 44658K [0x00000000c1600000, 0x0000000100000000)
  region size 1024K, 25 young (25600K), 2 survivors (2048K)
 Metaspace       used 43082K, committed 43584K, reserved 1114112K
  class space    used 5597K, committed 5824K, reserved 1048576K
}
Event: 15.628 GC heap after
{Heap after GC invocations=15 (full 0):
 garbage-first heap   total 57344K, used 22178K [0x00000000c1600000, 0x0000000100000000)
  region size 1024K, 3 young (3072K), 3 survivors (3072K)
 Metaspace       used 43082K, committed 43584K, reserved 1114112K
  class space    used 5597K, committed 5824K, reserved 1048576K
}
Event: 16.794 GC heap before
{Heap before GC invocations=15 (full 0):
 garbage-first heap   total 57344K, used 43682K [0x00000000c1600000, 0x0000000100000000)
  region size 1024K, 25 young (25600K), 3 survivors (3072K)
 Metaspace       used 48470K, committed 49024K, reserved 1114112K
  class space    used 6369K, committed 6656K, reserved 1048576K
}
Event: 16.803 GC heap after
{Heap after GC invocations=16 (full 0):
 garbage-first heap   total 57344K, used 23827K [0x00000000c1600000, 0x0000000100000000)
  region size 1024K, 3 young (3072K), 3 survivors (3072K)
 Metaspace       used 48470K, committed 49024K, reserved 1114112K
  class space    used 6369K, committed 6656K, reserved 1048576K
}
Event: 18.907 GC heap before
{Heap before GC invocations=16 (full 0):
 garbage-first heap   total 57344K, used 44307K [0x00000000c1600000, 0x0000000100000000)
  region size 1024K, 24 young (24576K), 3 survivors (3072K)
 Metaspace       used 53233K, committed 53760K, reserved 1114112K
  class space    used 7030K, committed 7296K, reserved 1048576K
}
Event: 18.915 GC heap after
{Heap after GC invocations=17 (full 0):
 garbage-first heap   total 57344K, used 25600K [0x00000000c1600000, 0x0000000100000000)
  region size 1024K, 3 young (3072K), 3 survivors (3072K)
 Metaspace       used 53233K, committed 53760K, reserved 1114112K
  class space    used 7030K, committed 7296K, reserved 1048576K
}

