# JRE version: OpenJDK Runtime Environment Temurin-17.0.7+7 (17.0.7+7) (build 17.0.7+7)
# Java VM: OpenJDK 64-Bit Server VM Temurin-17.0.7+7 (17.0.7+7, mixed mode, emulated-client, tiered, compressed oops, compressed class ptrs, g1 gc, windows-amd64)
GC Precious Log:
 CPUs: 4 total, 4 available
 Memory: 4002M
 Large Page Support: Disabled
 NUMA Support: Disabled
 Compressed Oops: Enabled (32-bit)
 Heap Region Size: 1M
 Heap Min Capacity: 8M
 Heap Initial Capacity: 64M
 Heap Max Capacity: 1002M
 Pre-touch: Disabled
 Parallel Workers: 4
 Concurrent Workers: 1
 Concurrent Refinement Workers: 4
 Periodic GC: Disabled
Heap:
 garbage-first heap   total 59392K, used 28220K [0x00000000c1600000, 0x0000000100000000)
  region size 1024K, 4 young (4096K), 1 survivors (1024K)
 Metaspace       used 59471K, committed 59968K, reserved 1114112K
  class space    used 8057K, committed 8320K, reserved 1048576K
GC Heap History (20 events):
Event: 4.757 GC heap before
{Heap before GC invocations=7 (full 0):
 garbage-first heap   total 40960K, used 27807K [0x00000000c1600000, 0x0000000100000000)
  region size 1024K, 18 young (18432K), 3 survivors (3072K)
 Metaspace       used 29652K, committed 30080K, reserved 1114112K
  class space    used 3605K, committed 3840K, reserved 1048576K
}
Event: 4.765 GC heap after
{Heap after GC invocations=8 (full 0):
 garbage-first heap   total 40960K, used 14964K [0x00000000c1600000, 0x0000000100000000)
  region size 1024K, 2 young (2048K), 2 survivors (2048K)
 Metaspace       used 29652K, committed 30080K, reserved 1114112K
  class space    used 3605K, committed 3840K, reserved 1048576K
}
Event: 5.186 GC heap before
{Heap before GC invocations=8 (full 0):
 garbage-first heap   total 40960K, used 29300K [0x00000000c1600000, 0x0000000100000000)
  region size 1024K, 16 young (16384K), 2 survivors (2048K)
 Metaspace       used 31033K, committed 31488K, reserved 1114112K
  class space    used 3796K, committed 4032K, reserved 1048576K
}
Event: 5.193 GC heap after
{Heap after GC invocations=9 (full 0):
 garbage-first heap   total 49152K, used 16045K [0x00000000c1600000, 0x0000000100000000)
  region size 1024K, 1 young (1024K), 1 survivors (1024K)
 Metaspace       used 31033K, committed 31488K, reserved 1114112K
  class space    used 3796K, committed 4032K, reserved 1048576K
}
Event: 5.956 GC heap before
{Heap before GC invocations=9 (full 0):
 garbage-first heap   total 49152K, used 36525K [0x00000000c1600000, 0x0000000100000000)
  region size 1024K, 21 young (21504K), 1 survivors (1024K)
 Metaspace       used 33675K, committed 34112K, reserved 1114112K
  class space    used 4221K, committed 4416K, reserved 1048576K
}
Event: 5.964 GC heap after
{Heap after GC invocations=10 (full 0):
 garbage-first heap   total 49152K, used 17533K [0x00000000c1600000, 0x0000000100000000)
  region size 1024K, 3 young (3072K), 3 survivors (3072K)
 Metaspace       used 33675K, committed 34112K, reserved 1114112K
  class space    used 4221K, committed 4416K, reserved 1048576K
}
Event: 6.406 GC heap before
{Heap before GC invocations=10 (full 0):
 garbage-first heap   total 49152K, used 29821K [0x00000000c1600000, 0x0000000100000000)
  region size 1024K, 16 young (16384K), 3 survivors (3072K)
 Metaspace       used 35547K, committed 35968K, reserved 1114112K
  class space    used 4528K, committed 4736K, reserved 1048576K
}
Event: 6.414 GC heap after
{Heap after GC invocations=11 (full 0):
 garbage-first heap   total 49152K, used 18976K [0x00000000c1600000, 0x0000000100000000)
  region size 1024K, 3 young (3072K), 3 survivors (3072K)
 Metaspace       used 35547K, committed 35968K, reserved 1114112K
  class space    used 4528K, committed 4736K, reserved 1048576K
}
Event: 7.500 GC heap before
{Heap before GC invocations=12 (full 0):
 garbage-first heap   total 49152K, used 37408K [0x00000000c1600000, 0x0000000100000000)
  region size 1024K, 21 young (21504K), 3 survivors (3072K)
 Metaspace       used 37703K, committed 38144K, reserved 1114112K
  class space    used 4833K, committed 5056K, reserved 1048576K
}
Event: 7.508 GC heap after
{Heap after GC invocations=13 (full 0):
 garbage-first heap   total 49152K, used 20339K [0x00000000c1600000, 0x0000000100000000)
  region size 1024K, 3 young (3072K), 3 survivors (3072K)
 Metaspace       used 37703K, committed 38144K, reserved 1114112K
  class space    used 4833K, committed 5056K, reserved 1048576K
}
Event: 8.245 GC heap before
{Heap before GC invocations=13 (full 0):
 garbage-first heap   total 49152K, used 37747K [0x00000000c1600000, 0x0000000100000000)
  region size 1024K, 20 young (20480K), 3 survivors (3072K)
 Metaspace       used 40043K, committed 40576K, reserved 1114112K
  class space    used 5146K, committed 5376K, reserved 1048576K
}
Event: 8.257 GC heap after
{Heap after GC invocations=14 (full 0):
 garbage-first heap   total 49152K, used 21321K [0x00000000c1600000, 0x0000000100000000)
  region size 1024K, 3 young (3072K), 3 survivors (3072K)
 Metaspace       used 40043K, committed 40576K, reserved 1114112K
  class space    used 5146K, committed 5376K, reserved 1048576K
}
Event: 8.895 GC heap before
{Heap before GC invocations=14 (full 0):
 garbage-first heap   total 49152K, used 36681K [0x00000000c1600000, 0x0000000100000000)
  region size 1024K, 19 young (19456K), 3 survivors (3072K)
 Metaspace       used 43920K, committed 44416K, reserved 1114112K
  class space    used 5778K, committed 6016K, reserved 1048576K
}
Event: 8.902 GC heap after
{Heap after GC invocations=15 (full 0):
 garbage-first heap   total 49152K, used 22156K [0x00000000c1600000, 0x0000000100000000)
  region size 1024K, 2 young (2048K), 2 survivors (2048K)
 Metaspace       used 43920K, committed 44416K, reserved 1114112K
  class space    used 5778K, committed 6016K, reserved 1048576K
}
Event: 9.621 GC heap before
{Heap before GC invocations=15 (full 0):
 garbage-first heap   total 49152K, used 37516K [0x00000000c1600000, 0x0000000100000000)
  region size 1024K, 18 young (18432K), 2 survivors (2048K)
 Metaspace       used 47955K, committed 48448K, reserved 1114112K
  class space    used 6325K, committed 6528K, reserved 1048576K
}
Event: 9.628 GC heap after
{Heap after GC invocations=16 (full 0):
 garbage-first heap   total 59392K, used 23597K [0x00000000c1600000, 0x0000000100000000)
  region size 1024K, 3 young (3072K), 3 survivors (3072K)
 Metaspace       used 47955K, committed 48448K, reserved 1114112K
  class space    used 6325K, committed 6528K, reserved 1048576K
}
Event: 10.597 GC heap before
{Heap before GC invocations=16 (full 0):
 garbage-first heap   total 59392K, used 45101K [0x00000000c1600000, 0x0000000100000000)
  region size 1024K, 25 young (25600K), 3 survivors (3072K)
 Metaspace       used 52866K, committed 53376K, reserved 1114112K
  class space    used 6983K, committed 7232K, reserved 1048576K
}
Event: 10.604 GC heap after
{Heap after GC invocations=17 (full 0):
 garbage-first heap   total 59392K, used 25294K [0x00000000c1600000, 0x0000000100000000)
  region size 1024K, 4 young (4096K), 4 survivors (4096K)
 Metaspace       used 52866K, committed 53376K, reserved 1114112K
  class space    used 6983K, committed 7232K, reserved 1048576K
}
Event: 11.286 GC heap before
{Heap before GC invocations=17 (full 0):
 garbage-first heap   total 59392K, used 45774K [0x00000000c1600000, 0x0000000100000000)
  region size 1024K, 24 young (24576K), 4 survivors (4096K)
 Metaspace       used 59014K, committed 59584K, reserved 1114112K
  class space    used 7967K, committed 8256K, reserved 1048576K
}
Event: 11.294 GC heap after
{Heap after GC invocations=18 (full 0):
 garbage-first heap   total 59392K, used 26172K [0x00000000c1600000, 0x0000000100000000)
  region size 1024K, 1 young (1024K), 1 survivors (1024K)
 Metaspace       used 59014K, committed 59584K, reserved 1114112K
  class space    used 7967K, committed 8256K, reserved 1048576K
}

